<?xml version="1.0" encoding="UTF-8"?>
<testng-results skipped="0" failed="0" ignored="0" total="1" passed="1">
  <reporter-output>
  </reporter-output>
  <suite name="Suite" duration-ms="4132" started-at="2018-08-03T15:17:03Z" finished-at="2018-08-03T15:17:08Z">
    <groups>
    </groups>
    <test name="Test" duration-ms="4132" started-at="2018-08-03T15:17:03Z" finished-at="2018-08-03T15:17:08Z">
      <class name="PayferPublicAPIs.RegAccntOnPayfer">
        <test-method status="PASS" signature="setUlr()[pri:0, instance:PayferPublicAPIs.RegAccntOnPayfer@604ed9f0]" name="setUlr" is-config="true" duration-ms="13" started-at="2018-08-03T15:17:03Z" finished-at="2018-08-03T15:17:03Z">
          <reporter-output>
          </reporter-output>
        </test-method> <!-- setUlr -->
        <test-method status="PASS" signature="register()[pri:0, instance:PayferPublicAPIs.RegAccntOnPayfer@604ed9f0]" name="register" duration-ms="4090" started-at="2018-08-03T15:17:03Z" finished-at="2018-08-03T15:17:08Z">
          <reporter-output>
          </reporter-output>
        </test-method> <!-- register -->
      </class> <!-- PayferPublicAPIs.RegAccntOnPayfer -->
    </test> <!-- Test -->
  </suite> <!-- Suite -->
</testng-results>
